<?xml version="1.0" encoding="UTF-8"?>
<!-- Generated by org.testng.reporters.JUnitReportReporter -->
<testsuite hostname="D-Trigger.attlocal.net" failures="0" tests="4" name="com.hrms.testcases.LoginTest" time="11.282" errors="0" timestamp="2021-07-12T14:18:51 EDT" skipped="0">
  <testcase classname="com.hrms.testcases.LoginTest" name="invalidLoginErrorMessageValidation" time="3.257"/>
  <system-out/>
  <testcase classname="com.hrms.testcases.LoginTest" name="invalidLoginErrorMessageValidation" time="2.680"/>
  <system-out/>
  <testcase classname="com.hrms.testcases.LoginTest" name="invalidLoginErrorMessageValidation" time="3.002"/>
  <system-out/>
  <testcase classname="com.hrms.testcases.LoginTest" name="invalidLoginErrorMessageValidation" time="2.343"/>
  <system-out/>
</testsuite> <!-- com.hrms.testcases.LoginTest -->
