<?xml version="1.0" encoding="UTF-8"?>
<!-- Generated by org.testng.reporters.JUnitReportReporter -->
<testsuite hostname="D-Trigger.attlocal.net" failures="0" tests="1" name="com.hrms.testcases.AddEmployeeTest" time="7.599" errors="0" timestamp="2021-07-12T13:59:27 EDT" skipped="0">
  <testcase classname="com.hrms.testcases.AddEmployeeTest" name="addEmployee" time="7.599"/>
  <system-out/>
</testsuite> <!-- com.hrms.testcases.AddEmployeeTest -->
